Apache Maven 3.0.4 (r1232337; 2012-01-17 10:44:56+0200)
Maven home: C:\apache-maven-3.0.4
Java version: 1.6.0_01, vendor: Sun Microsystems Inc.
Java home: D:\Program Files\Java\jdk1.6.0_01\jre
Default locale: en_US, platform encoding: Cp1252
OS name: "windows vista", version: "6.1", arch: "x86", family: "windows"
[INFO] Error stacktraces are turned on.
[DEBUG] Reading global settings from C:\apache-maven-3.0.4\conf\settings.xml
[DEBUG] Reading user settings from C:\Users\ramias\.m2\settings.xml
[DEBUG] Using local repository at C:\Users\ramias\.m2\repository
[DEBUG] Using manager EnhancedLocalRepositoryManager with priority 10 for C:\Users\ramias\.m2\repository
[INFO] Scanning for projects...
[DEBUG] Extension realms for project MarkaVIP:Test:jar:1.0-SNAPSHOT: (none)
[DEBUG] Looking up lifecyle mappings for packaging jar from ClassRealm[plexus.core, parent: null]
[WARNING] 
[WARNING] Some problems were encountered while building the effective model for MarkaVIP:Test:jar:1.0-SNAPSHOT
[WARNING] 'build.plugins.plugin.version' for org.apache.maven.plugins:maven-compiler-plugin is missing. @ line 46, column 21
[WARNING] 'build.plugins.plugin.version' for org.apache.maven.plugins:maven-surefire-plugin is missing. @ line 53, column 21
[WARNING] 
[WARNING] It is highly recommended to fix these problems because they threaten the stability of your build.
[WARNING] 
[WARNING] For this reason, future Maven versions might no longer support building such malformed projects.
[WARNING] 
[DEBUG] === REACTOR BUILD PLAN ================================================
[DEBUG] Project: MarkaVIP:Test:jar:1.0-SNAPSHOT
[DEBUG] Tasks:   [test]
[DEBUG] Style:   Regular
[DEBUG] =======================================================================
[INFO]                                                                         
[INFO] ------------------------------------------------------------------------
[INFO] Building sauce_quickstart 1.0-SNAPSHOT
[INFO] ------------------------------------------------------------------------
[DEBUG] Lifecycle default -> [validate, initialize, generate-sources, process-sources, generate-resources, process-resources, compile, process-classes, generate-test-sources, process-test-sources, generate-test-resources, process-test-resources, test-compile, process-test-classes, test, prepare-package, package, pre-integration-test, integration-test, post-integration-test, verify, install, deploy]
[DEBUG] Lifecycle clean -> [pre-clean, clean, post-clean]
[DEBUG] Lifecycle site -> [pre-site, site, post-site, site-deploy]
[DEBUG] Lifecycle default -> [validate, initialize, generate-sources, process-sources, generate-resources, process-resources, compile, process-classes, generate-test-sources, process-test-sources, generate-test-resources, process-test-resources, test-compile, process-test-classes, test, prepare-package, package, pre-integration-test, integration-test, post-integration-test, verify, install, deploy]
[DEBUG] Lifecycle clean -> [pre-clean, clean, post-clean]
[DEBUG] Lifecycle site -> [pre-site, site, post-site, site-deploy]
[DEBUG] Lifecycle default -> [validate, initialize, generate-sources, process-sources, generate-resources, process-resources, compile, process-classes, generate-test-sources, process-test-sources, generate-test-resources, process-test-resources, test-compile, process-test-classes, test, prepare-package, package, pre-integration-test, integration-test, post-integration-test, verify, install, deploy]
[DEBUG] Lifecycle clean -> [pre-clean, clean, post-clean]
[DEBUG] Lifecycle site -> [pre-site, site, post-site, site-deploy]
[DEBUG] Lifecycle default -> [validate, initialize, generate-sources, process-sources, generate-resources, process-resources, compile, process-classes, generate-test-sources, process-test-sources, generate-test-resources, process-test-resources, test-compile, process-test-classes, test, prepare-package, package, pre-integration-test, integration-test, post-integration-test, verify, install, deploy]
[DEBUG] Lifecycle clean -> [pre-clean, clean, post-clean]
[DEBUG] Lifecycle site -> [pre-site, site, post-site, site-deploy]
[DEBUG] Lifecycle default -> [validate, initialize, generate-sources, process-sources, generate-resources, process-resources, compile, process-classes, generate-test-sources, process-test-sources, generate-test-resources, process-test-resources, test-compile, process-test-classes, test, prepare-package, package, pre-integration-test, integration-test, post-integration-test, verify, install, deploy]
[DEBUG] Lifecycle clean -> [pre-clean, clean, post-clean]
[DEBUG] Lifecycle site -> [pre-site, site, post-site, site-deploy]
[DEBUG] Lifecycle default -> [validate, initialize, generate-sources, process-sources, generate-resources, process-resources, compile, process-classes, generate-test-sources, process-test-sources, generate-test-resources, process-test-resources, test-compile, process-test-classes, test, prepare-package, package, pre-integration-test, integration-test, post-integration-test, verify, install, deploy]
[DEBUG] Lifecycle clean -> [pre-clean, clean, post-clean]
[DEBUG] Lifecycle site -> [pre-site, site, post-site, site-deploy]
[DEBUG] === PROJECT BUILD PLAN ================================================
[DEBUG] Project:       MarkaVIP:Test:1.0-SNAPSHOT
[DEBUG] Dependencies (collect): []
[DEBUG] Dependencies (resolve): [compile, test]
[DEBUG] Repositories (dependencies): [saucelabs-repository (https://repository-saucelabs.forge.cloudbees.com/release, releases+snapshots), central (http://repo.maven.apache.org/maven2, releases)]
[DEBUG] Repositories (plugins)     : [central (http://repo.maven.apache.org/maven2, releases)]
[DEBUG] -----------------------------------------------------------------------
[DEBUG] Goal:          org.apache.maven.plugins:maven-resources-plugin:2.5:resources (default-resources)
[DEBUG] Style:         Regular
[DEBUG] Configuration: <?xml version="1.0" encoding="UTF-8"?>
<configuration>
  <buildFilters default-value="${project.build.filters}"/>
  <encoding default-value="${project.build.sourceEncoding}">${encoding}</encoding>
  <escapeString>${maven.resources.escapeString}</escapeString>
  <escapeWindowsPaths default-value="true">${maven.resources.escapeWindowsPaths}</escapeWindowsPaths>
  <includeEmptyDirs default-value="false">${maven.resources.includeEmptyDirs}</includeEmptyDirs>
  <outputDirectory default-value="${project.build.outputDirectory}"/>
  <overwrite default-value="false">${maven.resources.overwrite}</overwrite>
  <project default-value="${project}"/>
  <resources default-value="${project.resources}"/>
  <session default-value="${session}"/>
  <supportMultiLineFiltering default-value="false">${maven.resources.supportMultiLineFiltering}</supportMultiLineFiltering>
  <useBuildFilters default-value="true"/>
  <useDefaultDelimiters default-value="true"/>
</configuration>
[DEBUG] -----------------------------------------------------------------------
[DEBUG] Goal:          org.apache.maven.plugins:maven-compiler-plugin:2.3.2:compile (default-compile)
[DEBUG] Style:         Regular
[DEBUG] Configuration: <?xml version="1.0" encoding="UTF-8"?>
<configuration>
  <basedir default-value="${basedir}"/>
  <buildDirectory default-value="${project.build.directory}"/>
  <classpathElements default-value="${project.compileClasspathElements}"/>
  <compileSourceRoots default-value="${project.compileSourceRoots}"/>
  <compilerId default-value="javac">${maven.compiler.compilerId}</compilerId>
  <compilerVersion>${maven.compiler.compilerVersion}</compilerVersion>
  <debug default-value="true">${maven.compiler.debug}</debug>
  <debuglevel>${maven.compiler.debuglevel}</debuglevel>
  <encoding default-value="${project.build.sourceEncoding}">${encoding}</encoding>
  <executable>${maven.compiler.executable}</executable>
  <failOnError default-value="true">${maven.compiler.failOnError}</failOnError>
  <fork default-value="false">${maven.compiler.fork}</fork>
  <generatedSourcesDirectory default-value="${project.build.directory}/generated-sources/annotations"/>
  <maxmem>${maven.compiler.maxmem}</maxmem>
  <meminitial>${maven.compiler.meminitial}</meminitial>
  <optimize default-value="false">${maven.compiler.optimize}</optimize>
  <outputDirectory default-value="${project.build.outputDirectory}"/>
  <outputFileName>${project.build.finalName}</outputFileName>
  <projectArtifact default-value="${project.artifact}"/>
  <session default-value="${session}"/>
  <showDeprecation default-value="false">${maven.compiler.showDeprecation}</showDeprecation>
  <showWarnings default-value="false">${maven.compiler.showWarnings}</showWarnings>
  <source default-value="1.5">1.6</source>
  <staleMillis default-value="0">${lastModGranularityMs}</staleMillis>
  <target default-value="1.5">1.6</target>
  <verbose default-value="false">${maven.compiler.verbose}</verbose>
</configuration>
[DEBUG] -----------------------------------------------------------------------
[DEBUG] Goal:          org.apache.maven.plugins:maven-resources-plugin:2.5:testResources (default-testResources)
[DEBUG] Style:         Regular
[DEBUG] Configuration: <?xml version="1.0" encoding="UTF-8"?>
<configuration>
  <buildFilters default-value="${project.build.filters}"/>
  <encoding default-value="${project.build.sourceEncoding}">${encoding}</encoding>
  <escapeString>${maven.resources.escapeString}</escapeString>
  <escapeWindowsPaths default-value="true">${maven.resources.escapeWindowsPaths}</escapeWindowsPaths>
  <includeEmptyDirs default-value="false">${maven.resources.includeEmptyDirs}</includeEmptyDirs>
  <outputDirectory>${project.build.testOutputDirectory}</outputDirectory>
  <overwrite default-value="false">${maven.resources.overwrite}</overwrite>
  <project default-value="${project}"/>
  <resources>${project.testResources}</resources>
  <session default-value="${session}"/>
  <supportMultiLineFiltering default-value="false">${maven.resources.supportMultiLineFiltering}</supportMultiLineFiltering>
  <useBuildFilters default-value="true"/>
  <useDefaultDelimiters default-value="true"/>
</configuration>
[DEBUG] -----------------------------------------------------------------------
[DEBUG] Goal:          org.apache.maven.plugins:maven-compiler-plugin:2.3.2:testCompile (default-testCompile)
[DEBUG] Style:         Regular
[DEBUG] Configuration: <?xml version="1.0" encoding="UTF-8"?>
<configuration>
  <basedir default-value="${basedir}"/>
  <buildDirectory default-value="${project.build.directory}"/>
  <classpathElements default-value="${project.testClasspathElements}"/>
  <compileSourceRoots default-value="${project.testCompileSourceRoots}"/>
  <compilerId default-value="javac">${maven.compiler.compilerId}</compilerId>
  <compilerVersion>${maven.compiler.compilerVersion}</compilerVersion>
  <debug default-value="true">${maven.compiler.debug}</debug>
  <debuglevel>${maven.compiler.debuglevel}</debuglevel>
  <encoding default-value="${project.build.sourceEncoding}">${encoding}</encoding>
  <executable>${maven.compiler.executable}</executable>
  <failOnError default-value="true">${maven.compiler.failOnError}</failOnError>
  <fork default-value="false">${maven.compiler.fork}</fork>
  <generatedTestSourcesDirectory default-value="${project.build.directory}/generated-sources/test-annotations"/>
  <maxmem>${maven.compiler.maxmem}</maxmem>
  <meminitial>${maven.compiler.meminitial}</meminitial>
  <optimize default-value="false">${maven.compiler.optimize}</optimize>
  <outputDirectory default-value="${project.build.testOutputDirectory}"/>
  <outputFileName>${project.build.finalName}</outputFileName>
  <session default-value="${session}"/>
  <showDeprecation default-value="false">${maven.compiler.showDeprecation}</showDeprecation>
  <showWarnings default-value="false">${maven.compiler.showWarnings}</showWarnings>
  <skip>${maven.test.skip}</skip>
  <source default-value="1.5">1.6</source>
  <staleMillis default-value="0">${lastModGranularityMs}</staleMillis>
  <target default-value="1.5">1.6</target>
  <testSource>${maven.compiler.testSource}</testSource>
  <testTarget>${maven.compiler.testTarget}</testTarget>
  <verbose default-value="false">${maven.compiler.verbose}</verbose>
</configuration>
[DEBUG] -----------------------------------------------------------------------
[DEBUG] Goal:          org.apache.maven.plugins:maven-surefire-plugin:2.10:test (default-test)
[DEBUG] Style:         Regular
[DEBUG] Configuration: <?xml version="1.0" encoding="UTF-8"?>
<configuration>
  <argLine>${argLine}</argLine>
  <basedir default-value="${basedir}"/>
  <childDelegation default-value="false">${childDelegation}</childDelegation>
  <classesDirectory default-value="${project.build.outputDirectory}"/>
  <debugForkedProcess>${maven.surefire.debug}</debugForkedProcess>
  <disableXmlReport default-value="false">${disableXmlReport}</disableXmlReport>
  <enableAssertions default-value="true">${enableAssertions}</enableAssertions>
  <excludedGroups>${excludedGroups}</excludedGroups>
  <failIfNoTests>${failIfNoTests}</failIfNoTests>
  <forkMode default-value="once">${forkMode}</forkMode>
  <forkedProcessTimeoutInSeconds>${surefire.timeout}</forkedProcessTimeoutInSeconds>
  <groups>${groups}</groups>
  <junitArtifactName default-value="junit:junit">${junitArtifactName}</junitArtifactName>
  <jvm>${jvm}</jvm>
  <localRepository>${localRepository}</localRepository>
  <objectFactory>${objectFactory}</objectFactory>
  <parallel>${parallel}</parallel>
  <parallelMavenExecution default-value="${session.parallel}"/>
  <perCoreThreadCount default-value="true">${perCoreThreadCount}</perCoreThreadCount>
  <pluginArtifactMap>${plugin.artifactMap}</pluginArtifactMap>
  <printSummary default-value="true">${surefire.printSummary}</printSummary>
  <project default-value="${project}"/>
  <projectArtifactMap>${project.artifactMap}</projectArtifactMap>
  <redirectTestOutputToFile default-value="false">true</redirectTestOutputToFile>
  <remoteRepositories>${project.pluginArtifactRepositories}</remoteRepositories>
  <reportFormat default-value="brief">${surefire.reportFormat}</reportFormat>
  <reportNameSuffix default-value="">${surefire.reportNameSuffix}</reportNameSuffix>
  <reportsDirectory default-value="${project.build.directory}/surefire-reports"/>
  <runOrder default-value="filesystem"/>
  <session>${session}</session>
  <skip default-value="false">${maven.test.skip}</skip>
  <skipExec>${maven.test.skip.exec}</skipExec>
  <skipTests default-value="false">${skipTests}</skipTests>
  <test>${test}</test>
  <testClassesDirectory default-value="${project.build.testOutputDirectory}"/>
  <testFailureIgnore default-value="false">${maven.test.failure.ignore}</testFailureIgnore>
  <testNGArtifactName default-value="org.testng:testng">${testNGArtifactName}</testNGArtifactName>
  <testSourceDirectory default-value="${project.build.testSourceDirectory}"/>
  <threadCount>${threadCount}</threadCount>
  <trimStackTrace default-value="true">${trimStackTrace}</trimStackTrace>
  <useFile default-value="true">${surefire.useFile}</useFile>
  <useManifestOnlyJar default-value="true">${surefire.useManifestOnlyJar}</useManifestOnlyJar>
  <useSystemClassLoader default-value="true">${surefire.useSystemClassLoader}</useSystemClassLoader>
  <useUnlimitedThreads default-value="false">${useUnlimitedThreads}</useUnlimitedThreads>
  <workingDirectory>${basedir}</workingDirectory>
</configuration>
[DEBUG] =======================================================================
[DEBUG] Could not find metadata com.saucelabs:sauce_testng/maven-metadata.xml in local (C:\Users\ramias\.m2\repository)
[DEBUG] Skipped remote update check for com.saucelabs:sauce_testng/maven-metadata.xml, locally cached metadata up-to-date.
[DEBUG] Failure to find com.saucelabs:sauce_testng/maven-metadata.xml in http://repo.maven.apache.org/maven2 was cached in the local repository, resolution will not be reattempted until the update interval of central has elapsed or updates are forced
[DEBUG] Could not find metadata org.seleniumhq.selenium:selenium-java/maven-metadata.xml in local (C:\Users\ramias\.m2\repository)
[DEBUG] Failure to find org.seleniumhq.selenium:selenium-java/maven-metadata.xml in https://repository-saucelabs.forge.cloudbees.com/release was cached in the local repository, resolution will not be reattempted until the update interval of saucelabs-repository has elapsed or updates are forced
[DEBUG] Skipped remote update check for org.seleniumhq.selenium:selenium-java/maven-metadata.xml, locally cached metadata up-to-date.
[DEBUG] MarkaVIP:Test:jar:1.0-SNAPSHOT
[DEBUG]    org.testng:testng:jar:5.14:test
[DEBUG]       junit:junit:jar:3.8.1:test
[DEBUG]       org.beanshell:bsh:jar:2.0b4:test
[DEBUG]       com.google.inject:guice:jar:2.0:test
[DEBUG]          aopalliance:aopalliance:jar:1.0:test
[DEBUG]       com.beust:jcommander:jar:1.5:test
[DEBUG]    com.saucelabs:sauce_testng:jar:1.0.18:test
[DEBUG]       com.saucelabs:sauce_java_common:jar:1.0.18:test
[DEBUG]       com.googlecode.json-simple:json-simple:jar:1.1:test
[DEBUG]       com.saucelabs:saucerest:jar:1.0.0:test
[DEBUG]    org.seleniumhq.selenium:selenium-java:jar:LATEST:test
[DEBUG]       org.seleniumhq.selenium:selenium-android-driver:jar:2.29.1:test
[DEBUG]          org.seleniumhq.selenium:selenium-remote-driver:jar:2.29.1:test
[DEBUG]             cglib:cglib-nodep:jar:2.1_3:test
[DEBUG]             org.json:json:jar:20080701:test
[DEBUG]             com.google.guava:guava:jar:14.0-rc1:test
[DEBUG]       org.seleniumhq.selenium:selenium-chrome-driver:jar:2.29.1:test
[DEBUG]       org.seleniumhq.selenium:selenium-htmlunit-driver:jar:2.29.1:test
[DEBUG]          org.seleniumhq.selenium:selenium-api:jar:2.29.1:test
[DEBUG]          net.sourceforge.htmlunit:htmlunit:jar:2.11:test
[DEBUG]             xalan:xalan:jar:2.7.1:test
[DEBUG]                xalan:serializer:jar:2.7.1:test
[DEBUG]             commons-collections:commons-collections:jar:3.2.1:test
[DEBUG]             org.apache.commons:commons-lang3:jar:3.1:test
[DEBUG]             org.apache.httpcomponents:httpmime:jar:4.2.2:test
[DEBUG]             commons-codec:commons-codec:jar:1.7:test
[DEBUG]             net.sourceforge.htmlunit:htmlunit-core-js:jar:2.11:test
[DEBUG]             xerces:xercesImpl:jar:2.10.0:test
[DEBUG]                xml-apis:xml-apis:jar:1.4.01:test
[DEBUG]             net.sourceforge.nekohtml:nekohtml:jar:1.9.17:test
[DEBUG]             net.sourceforge.cssparser:cssparser:jar:0.9.8:test
[DEBUG]                org.w3c.css:sac:jar:1.3:test
[DEBUG]             commons-logging:commons-logging:jar:1.1.1:test
[DEBUG]             org.eclipse.jetty:jetty-websocket:jar:8.1.7.v20120910:test
[DEBUG]                org.eclipse.jetty:jetty-util:jar:8.1.7.v20120910:test
[DEBUG]                org.eclipse.jetty:jetty-io:jar:8.1.7.v20120910:test
[DEBUG]                org.eclipse.jetty:jetty-http:jar:8.1.7.v20120910:test
[DEBUG]          org.apache.httpcomponents:httpclient:jar:4.2.1:test
[DEBUG]             org.apache.httpcomponents:httpcore:jar:4.2.1:test
[DEBUG]       org.seleniumhq.selenium:selenium-firefox-driver:jar:2.29.1:test
[DEBUG]          commons-io:commons-io:jar:2.2:test
[DEBUG]          org.apache.commons:commons-exec:jar:1.1:test
[DEBUG]       org.seleniumhq.selenium:selenium-ie-driver:jar:2.29.1:test
[DEBUG]          net.java.dev.jna:jna:jar:3.4.0:test
[DEBUG]          net.java.dev.jna:platform:jar:3.4.0:test
[DEBUG]       org.seleniumhq.selenium:selenium-iphone-driver:jar:2.29.1:test
[DEBUG]       org.seleniumhq.selenium:selenium-safari-driver:jar:2.29.1:test
[DEBUG]       org.seleniumhq.selenium:selenium-support:jar:2.29.1:test
[DEBUG]       org.webbitserver:webbit:jar:0.4.14:test
[DEBUG]          io.netty:netty:jar:3.5.2.Final:test
[DEBUG]    commons-lang:commons-lang:jar:2.0:compile
[INFO] 
[INFO] --- maven-resources-plugin:2.5:resources (default-resources) @ Test ---
[DEBUG] Created new class realm maven.api
[DEBUG] Importing foreign packages into class realm maven.api
[DEBUG]   Imported: org.apache.maven.wagon.events < plexus.core
[DEBUG]   Imported: org.sonatype.aether.transfer < plexus.core
[DEBUG]   Imported: org.apache.maven.exception < plexus.core
[DEBUG]   Imported: org.sonatype.aether.metadata < plexus.core
[DEBUG]   Imported: org.codehaus.plexus.util.xml.Xpp3Dom < plexus.core
[DEBUG]   Imported: org.sonatype.aether.collection < plexus.core
[DEBUG]   Imported: org.sonatype.aether.version < plexus.core
[DEBUG]   Imported: org.apache.maven.monitor < plexus.core
[DEBUG]   Imported: org.apache.maven.wagon.repository < plexus.core
[DEBUG]   Imported: org.apache.maven.repository < plexus.core
[DEBUG]   Imported: org.apache.maven.wagon.resource < plexus.core
[DEBUG]   Imported: org.codehaus.plexus.logging < plexus.core
[DEBUG]   Imported: org.apache.maven.profiles < plexus.core
[DEBUG]   Imported: org.sonatype.aether.repository < plexus.core
[DEBUG]   Imported: org.apache.maven.classrealm < plexus.core
[DEBUG]   Imported: org.apache.maven.execution < plexus.core
[DEBUG]   Imported: org.sonatype.aether.artifact < plexus.core
[DEBUG]   Imported: org.sonatype.aether.spi < plexus.core
[DEBUG]   Imported: org.apache.maven.reporting < plexus.core
[DEBUG]   Imported: org.apache.maven.usability < plexus.core
[DEBUG]   Imported: org.codehaus.plexus.container < plexus.core
[DEBUG]   Imported: org.codehaus.plexus.component < plexus.core
[DEBUG]   Imported: org.codehaus.plexus.util.xml.pull.XmlSerializer < plexus.core
[DEBUG]   Imported: org.apache.maven.wagon.authentication < plexus.core
[DEBUG]   Imported: org.apache.maven.lifecycle < plexus.core
[DEBUG]   Imported: org.codehaus.plexus.classworlds < plexus.core
[DEBUG]   Imported: org.sonatype.aether.graph < plexus.core
[DEBUG]   Imported: org.sonatype.aether.* < plexus.core
[DEBUG]   Imported: org.apache.maven.settings < plexus.core
[DEBUG]   Imported: org.codehaus.classworlds < plexus.core
[DEBUG]   Imported: org.sonatype.aether.impl < plexus.core
[DEBUG]   Imported: org.apache.maven.wagon.* < plexus.core
[DEBUG]   Imported: org.apache.maven.toolchain < plexus.core
[DEBUG]   Imported: org.sonatype.aether.deployment < plexus.core
[DEBUG]   Imported: org.apache.maven.wagon.observers < plexus.core
[DEBUG]   Imported: org.codehaus.plexus.util.xml.pull.XmlPullParserException < plexus.core
[DEBUG]   Imported: org.codehaus.plexus.util.xml.pull.XmlPullParser < plexus.core
[DEBUG]   Imported: org.apache.maven.configuration < plexus.core
[DEBUG]   Imported: org.apache.maven.cli < plexus.core
[DEBUG]   Imported: org.sonatype.aether.installation < plexus.core
[DEBUG]   Imported: org.codehaus.plexus.context < plexus.core
[DEBUG]   Imported: org.apache.maven.wagon.authorization < plexus.core
[DEBUG]   Imported: org.apache.maven.project < plexus.core
[DEBUG]   Imported: org.apache.maven.rtinfo < plexus.core
[DEBUG]   Imported: org.codehaus.plexus.lifecycle < plexus.core
[DEBUG]   Imported: org.codehaus.plexus.configuration < plexus.core
[DEBUG]   Imported: org.apache.maven.artifact < plexus.core
[DEBUG]   Imported: org.apache.maven.model < plexus.core
[DEBUG]   Imported: org.apache.maven.* < plexus.core
[DEBUG]   Imported: org.apache.maven.wagon.proxy < plexus.core
[DEBUG]   Imported: org.sonatype.aether.resolution < plexus.core
[DEBUG]   Imported: org.apache.maven.plugin < plexus.core
[DEBUG]   Imported: org.codehaus.plexus.* < plexus.core
[DEBUG]   Imported: org.codehaus.plexus.personality < plexus.core
[DEBUG] Populating class realm maven.api
[DEBUG] org.apache.maven.plugins:maven-resources-plugin:jar:2.5:
[DEBUG]    org.apache.maven:maven-plugin-api:jar:2.0.6:compile
[DEBUG]    org.apache.maven:maven-project:jar:2.0.6:compile
[DEBUG]       org.apache.maven:maven-profile:jar:2.0.6:compile
[DEBUG]       org.apache.maven:maven-artifact-manager:jar:2.0.6:compile
[DEBUG]       org.apache.maven:maven-plugin-registry:jar:2.0.6:compile
[DEBUG]    org.apache.maven:maven-core:jar:2.0.6:compile
[DEBUG]       org.apache.maven:maven-plugin-parameter-documenter:jar:2.0.6:compile
[DEBUG]       org.apache.maven.reporting:maven-reporting-api:jar:2.0.6:compile
[DEBUG]          org.apache.maven.doxia:doxia-sink-api:jar:1.0-alpha-7:compile
[DEBUG]       org.apache.maven:maven-repository-metadata:jar:2.0.6:compile
[DEBUG]       org.apache.maven:maven-error-diagnostics:jar:2.0.6:compile
[DEBUG]       commons-cli:commons-cli:jar:1.0:compile
[DEBUG]       org.apache.maven:maven-plugin-descriptor:jar:2.0.6:compile
[DEBUG]       org.codehaus.plexus:plexus-interactivity-api:jar:1.0-alpha-4:compile
[DEBUG]       classworlds:classworlds:jar:1.1:compile
[DEBUG]    org.apache.maven:maven-artifact:jar:2.0.6:compile
[DEBUG]    org.apache.maven:maven-settings:jar:2.0.6:compile
[DEBUG]    org.apache.maven:maven-model:jar:2.0.6:compile
[DEBUG]    org.apache.maven:maven-monitor:jar:2.0.6:compile
[DEBUG]    org.codehaus.plexus:plexus-container-default:jar:1.0-alpha-9-stable-1:compile
[DEBUG]       junit:junit:jar:3.8.1:compile
[DEBUG]    org.codehaus.plexus:plexus-utils:jar:2.0.5:compile
[DEBUG]    org.apache.maven.shared:maven-filtering:jar:1.0:compile
[DEBUG]       org.sonatype.plexus:plexus-build-api:jar:0.0.4:compile
[DEBUG]    org.codehaus.plexus:plexus-interpolation:jar:1.13:compile
[DEBUG] Created new class realm plugin>org.apache.maven.plugins:maven-resources-plugin:2.5
[DEBUG] Importing foreign packages into class realm plugin>org.apache.maven.plugins:maven-resources-plugin:2.5
[DEBUG]   Imported:  < maven.api
[DEBUG] Populating class realm plugin>org.apache.maven.plugins:maven-resources-plugin:2.5
[DEBUG]   Included: org.apache.maven.plugins:maven-resources-plugin:jar:2.5
[DEBUG]   Included: org.apache.maven.reporting:maven-reporting-api:jar:2.0.6
[DEBUG]   Included: org.apache.maven.doxia:doxia-sink-api:jar:1.0-alpha-7
[DEBUG]   Included: commons-cli:commons-cli:jar:1.0
[DEBUG]   Included: org.codehaus.plexus:plexus-interactivity-api:jar:1.0-alpha-4
[DEBUG]   Included: junit:junit:jar:3.8.1
[DEBUG]   Included: org.codehaus.plexus:plexus-utils:jar:2.0.5
[DEBUG]   Included: org.apache.maven.shared:maven-filtering:jar:1.0
[DEBUG]   Included: org.sonatype.plexus:plexus-build-api:jar:0.0.4
[DEBUG]   Included: org.codehaus.plexus:plexus-interpolation:jar:1.13
[DEBUG]   Excluded: org.apache.maven:maven-plugin-api:jar:2.0.6
[DEBUG]   Excluded: org.apache.maven:maven-project:jar:2.0.6
[DEBUG]   Excluded: org.apache.maven:maven-profile:jar:2.0.6
[DEBUG]   Excluded: org.apache.maven:maven-artifact-manager:jar:2.0.6
[DEBUG]   Excluded: org.apache.maven:maven-plugin-registry:jar:2.0.6
[DEBUG]   Excluded: org.apache.maven:maven-core:jar:2.0.6
[DEBUG]   Excluded: org.apache.maven:maven-plugin-parameter-documenter:jar:2.0.6
[DEBUG]   Excluded: org.apache.maven:maven-repository-metadata:jar:2.0.6
[DEBUG]   Excluded: org.apache.maven:maven-error-diagnostics:jar:2.0.6
[DEBUG]   Excluded: org.apache.maven:maven-plugin-descriptor:jar:2.0.6
[DEBUG]   Excluded: classworlds:classworlds:jar:1.1
[DEBUG]   Excluded: org.apache.maven:maven-artifact:jar:2.0.6
[DEBUG]   Excluded: org.apache.maven:maven-settings:jar:2.0.6
[DEBUG]   Excluded: org.apache.maven:maven-model:jar:2.0.6
[DEBUG]   Excluded: org.apache.maven:maven-monitor:jar:2.0.6
[DEBUG]   Excluded: org.codehaus.plexus:plexus-container-default:jar:1.0-alpha-9-stable-1
[DEBUG] Configuring mojo org.apache.maven.plugins:maven-resources-plugin:2.5:resources from plugin realm ClassRealm[plugin>org.apache.maven.plugins:maven-resources-plugin:2.5, parent: sun.misc.Launcher$AppClassLoader@11b86e7]
[debug] execute contextualize
[DEBUG] Configuring mojo 'org.apache.maven.plugins:maven-resources-plugin:2.5:resources' with basic configurator -->
[DEBUG]   (f) buildFilters = []
[DEBUG]   (f) escapeWindowsPaths = true
[DEBUG]   (s) includeEmptyDirs = false
[DEBUG]   (s) outputDirectory = C:\test7\Test\target\classes
[DEBUG]   (s) overwrite = false
[DEBUG]   (f) project = MavenProject: MarkaVIP:Test:1.0-SNAPSHOT @ C:\test7\Test\pom.xml
[DEBUG]   (s) resources = [Resource {targetPath: null, filtering: false, FileSet {directory: C:\test7\Test\src\main\resources, PatternSet [includes: {}, excludes: {}]}}]
[DEBUG]   (f) session = org.apache.maven.execution.MavenSession@1115152
[DEBUG]   (f) supportMultiLineFiltering = false
[DEBUG]   (f) useBuildFilters = true
[DEBUG]   (s) useDefaultDelimiters = true
[DEBUG] -- end configuration --
[DEBUG] properties used {java.vendor=Sun Microsystems Inc., env.SYSTEMROOT=C:\Windows, sun.java.launcher=SUN_STANDARD, sun.management.compiler=HotSpot Client Compiler, env.PROMPT=$P$G, os.name=Windows Vista, env.FP_NO_HOST_CHECK=NO, sun.boot.class.path=D:\Program Files\Java\jdk1.6.0_01\jre\lib\resources.jar;D:\Program Files\Java\jdk1.6.0_01\jre\lib\rt.jar;D:\Program Files\Java\jdk1.6.0_01\jre\lib\sunrsasign.jar;D:\Program Files\Java\jdk1.6.0_01\jre\lib\jsse.jar;D:\Program Files\Java\jdk1.6.0_01\jre\lib\jce.jar;D:\Program Files\Java\jdk1.6.0_01\jre\lib\charsets.jar;D:\Program Files\Java\jdk1.6.0_01\jre\classes, env.COMPUTERNAME=WRK132, env.ALLUSERSPROFILE=C:\ProgramData, sun.desktop=windows, java.vm.specification.vendor=Sun Microsystems Inc., java.runtime.version=1.6.0_01-b06, env.HOMEPATH=\Users\ramias, user.name=ramias, maven.build.version=Apache Maven 3.0.4 (r1232337; 2012-01-17 10:44:56+0200), env.PATH=D:\apache-ant-1.8.4\bin;D:\javamail-1.4.3\mail.jar;D:\jaf-1.1.1\activation.jar;D:\chromedriver.exe;C:\Users\ramias\AppData\Local\Google\Chrome\Application\chrome.exe;C:\apache-maven-3.0.4\bin;C:\apache-maven-3.0.4\bin, user.language=en, env.WINDIR=C:\Windows, sun.boot.library.path=D:\Program Files\Java\jdk1.6.0_01\jre\bin, classworlds.conf=C:\apache-maven-3.0.4\bin\m2.conf, java.version=1.6.0_01, env.PROCESSOR_IDENTIFIER=x86 Family 6 Model 42 Stepping 7, GenuineIntel, user.timezone=Asia/Amman, env.TEMP=C:\Users\ramias\AppData\Local\Temp, sun.arch.data.model=32, java.endorsed.dirs=D:\Program Files\Java\jdk1.6.0_01\jre\lib\endorsed, sun.cpu.isalist=pentium_pro+mmx pentium_pro pentium+mmx pentium i486 i386 i86, env.HOMEDRIVE=C:, sun.jnu.encoding=Cp1252, file.encoding.pkg=sun.io, env.SYSTEMDRIVE=C:, file.separator=\, java.specification.name=Java Platform API Specification, java.class.version=50.0, user.country=US, java.home=D:\Program Files\Java\jdk1.6.0_01\jre, env.APPDATA=C:\Users\ramias\AppData\Roaming, env.PUBLIC=C:\Users\Public, java.vm.info=mixed mode, sharing, env.OS=Windows_NT, os.version=6.1, env.=::=::\, path.separator=;, java.vm.version=1.6.0_01-b06, env.ASL.LOG=Destination=file, env.USERPROFILE=C:\Users\ramias, user.variant=, env.JAVA_HOME=D:\Program Files\Java\jdk1.6.0_01, java.awt.printerjob=sun.awt.windows.WPrinterJob, env.TMP=C:\Users\ramias\AppData\Local\Temp, env.PROGRAMFILES=C:\Program Files, sun.io.unicode.encoding=UnicodeLittle, awt.toolkit=sun.awt.windows.WToolkit, user.home=C:\Users\ramias, env.COMMONPROGRAMFILES=C:\Program Files\Common Files, env.SESSIONNAME=Console, java.specification.vendor=Sun Microsystems Inc., env.CLASSPATH=.;D:\javamail-1.4.3\mail.jar;D:\jaf-1.1.1\activation.jar;D:\mvn2\commons-lang3-3.1\commons-lang3-3.1.jar;D:\mvn2\commons-lang3-3.1\commons-lang3-3.1.jar\commons-lang3-3.1-tests.jar;D:\mvn2\commons-lang3-3.1\commons-lang3-3.1-sources.jar;D:\mvn2\commons-lang3-3.1\commons-lang3-3.1-javadoc.jar;D:\mvn3\commons-lang-2.4.jar, env.M2_HOME=C:\apache-maven-3.0.4, env.NUMBER_OF_PROCESSORS=4, java.library.path=D:\Program Files\Java\jdk1.6.0_01\bin;.;C:\Windows\Sun\Java\bin;C:\Windows\system32;C:\Windows;D:\apache-ant-1.8.4\bin;D:\javamail-1.4.3\mail.jar;D:\jaf-1.1.1\activation.jar;D:\chromedriver.exe;C:\Users\ramias\AppData\Local\Google\Chrome\Application\chrome.exe;C:\apache-maven-3.0.4\bin;C:\apache-maven-3.0.4\bin, java.vendor.url=http://java.sun.com/, env.USERDNSDOMAIN=CORP.MARKAVIP.NET, env.PSMODULEPATH=C:\Windows\system32\WindowsPowerShell\v1.0\Modules\, env.CLASSWORLDS_LAUNCHER=org.codehaus.plexus.classworlds.launcher.Launcher, env.MAVEN_CMD_LINE_ARGS=-X test, java.vm.vendor=Sun Microsystems Inc., maven.home=C:\apache-maven-3.0.4, java.runtime.name=Java(TM) SE Runtime Environment, java.class.path=C:\apache-maven-3.0.4\boot\plexus-classworlds-2.4.jar, maven.version=3.0.4, env.MAVEN_JAVA_EXE="D:\Program Files\Java\jdk1.6.0_01\bin\java.exe", java.vm.specification.name=Java Virtual Machine Specification, env.LOGONSERVER=\\SRV-DC2, java.vm.specification.version=1.0, env.PROCESSOR_ARCHITECTURE=x86, sun.cpu.endian=little, sun.os.patch.level=, env.HOME=C:\Users\ramias, env.ANT_HOME=D:\apache-ant-1.8.4, env.PROCESSOR_REVISION=2a07, java.io.tmpdir=C:\Users\ramias\AppData\Local\Temp\, java.vendor.url.bug=http://java.sun.com/cgi-bin/bugreport.cgi, env.PROGRAMDATA=C:\ProgramData, env.COMSPEC=C:\Windows\system32\cmd.exe, os.arch=x86, java.awt.graphicsenv=sun.awt.Win32GraphicsEnvironment, java.ext.dirs=D:\Program Files\Java\jdk1.6.0_01\jre\lib\ext;C:\Windows\Sun\Java\lib\ext, env.LOCALAPPDATA=C:\Users\ramias\AppData\Local, user.dir=C:\test7\Test, line.separator=
, env.CLASSWORLDS_JAR="C:\apache-maven-3.0.4\boot\plexus-classworlds-2.4.jar", java.vm.name=Java HotSpot(TM) Client VM, env.PATHEXT=.COM;.EXE;.BAT;.CMD;.VBS;.VBE;.JS;.JSE;.WSF;.WSH;.MSC, env.ERROR_CODE=0, env.USERNAME=ramias, file.encoding=Cp1252, env.USERDOMAIN=CORP, java.specification.version=1.6, env.=C:=C:\test7\Test, env.PROCESSOR_LEVEL=6}
[WARNING] Using platform encoding (Cp1252 actually) to copy filtered resources, i.e. build is platform dependent!
[DEBUG] resource with targetPath null
directory C:\test7\Test\src\main\resources
excludes []
includes []
[INFO] skip non existing resourceDirectory C:\test7\Test\src\main\resources
[DEBUG] no use filter components
[INFO] 
[INFO] --- maven-compiler-plugin:2.3.2:compile (default-compile) @ Test ---
[DEBUG] org.apache.maven.plugins:maven-compiler-plugin:jar:2.3.2:
[DEBUG]    org.apache.maven:maven-plugin-api:jar:2.0.6:compile
[DEBUG]    org.apache.maven:maven-artifact:jar:2.0.6:compile
[DEBUG]    org.apache.maven:maven-core:jar:2.0.6:compile
[DEBUG]       org.apache.maven:maven-settings:jar:2.0.6:compile
[DEBUG]       org.apache.maven:maven-plugin-parameter-documenter:jar:2.0.6:compile
[DEBUG]       org.apache.maven:maven-profile:jar:2.0.6:compile
[DEBUG]       org.apache.maven:maven-model:jar:2.0.6:compile
[DEBUG]       org.apache.maven:maven-repository-metadata:jar:2.0.6:compile
[DEBUG]       org.apache.maven:maven-error-diagnostics:jar:2.0.6:compile
[DEBUG]       org.apache.maven:maven-project:jar:2.0.6:compile
[DEBUG]          org.apache.maven:maven-plugin-registry:jar:2.0.6:compile
[DEBUG]       org.apache.maven:maven-plugin-descriptor:jar:2.0.6:compile
[DEBUG]       org.apache.maven:maven-artifact-manager:jar:2.0.6:compile
[DEBUG]       org.apache.maven:maven-monitor:jar:2.0.6:compile
[DEBUG]    org.apache.maven:maven-toolchain:jar:1.0:compile
[DEBUG]    org.codehaus.plexus:plexus-utils:jar:2.0.5:compile
[DEBUG]    org.codehaus.plexus:plexus-compiler-api:jar:1.8.1:compile
[DEBUG]    org.codehaus.plexus:plexus-compiler-manager:jar:1.8.1:compile
[DEBUG]    org.codehaus.plexus:plexus-compiler-javac:jar:1.8.1:runtime
[DEBUG] Created new class realm plugin>org.apache.maven.plugins:maven-compiler-plugin:2.3.2
[DEBUG] Importing foreign packages into class realm plugin>org.apache.maven.plugins:maven-compiler-plugin:2.3.2
[DEBUG]   Imported:  < maven.api
[DEBUG] Populating class realm plugin>org.apache.maven.plugins:maven-compiler-plugin:2.3.2
[DEBUG]   Included: org.apache.maven.plugins:maven-compiler-plugin:jar:2.3.2
[DEBUG]   Included: org.codehaus.plexus:plexus-utils:jar:2.0.5
[DEBUG]   Included: org.codehaus.plexus:plexus-compiler-api:jar:1.8.1
[DEBUG]   Included: org.codehaus.plexus:plexus-compiler-manager:jar:1.8.1
[DEBUG]   Included: org.codehaus.plexus:plexus-compiler-javac:jar:1.8.1
[DEBUG]   Excluded: org.apache.maven:maven-plugin-api:jar:2.0.6
[DEBUG]   Excluded: org.apache.maven:maven-artifact:jar:2.0.6
[DEBUG]   Excluded: org.apache.maven:maven-core:jar:2.0.6
[DEBUG]   Excluded: org.apache.maven:maven-settings:jar:2.0.6
[DEBUG]   Excluded: org.apache.maven:maven-plugin-parameter-documenter:jar:2.0.6
[DEBUG]   Excluded: org.apache.maven:maven-profile:jar:2.0.6
[DEBUG]   Excluded: org.apache.maven:maven-model:jar:2.0.6
[DEBUG]   Excluded: org.apache.maven:maven-repository-metadata:jar:2.0.6
[DEBUG]   Excluded: org.apache.maven:maven-error-diagnostics:jar:2.0.6
[DEBUG]   Excluded: org.apache.maven:maven-project:jar:2.0.6
[DEBUG]   Excluded: org.apache.maven:maven-plugin-registry:jar:2.0.6
[DEBUG]   Excluded: org.apache.maven:maven-plugin-descriptor:jar:2.0.6
[DEBUG]   Excluded: org.apache.maven:maven-artifact-manager:jar:2.0.6
[DEBUG]   Excluded: org.apache.maven:maven-monitor:jar:2.0.6
[DEBUG]   Excluded: org.apache.maven:maven-toolchain:jar:1.0
[DEBUG] Configuring mojo org.apache.maven.plugins:maven-compiler-plugin:2.3.2:compile from plugin realm ClassRealm[plugin>org.apache.maven.plugins:maven-compiler-plugin:2.3.2, parent: sun.misc.Launcher$AppClassLoader@11b86e7]
[DEBUG] Configuring mojo 'org.apache.maven.plugins:maven-compiler-plugin:2.3.2:compile' with basic configurator -->
[DEBUG]   (f) basedir = C:\test7\Test
[DEBUG]   (f) buildDirectory = C:\test7\Test\target
[DEBUG]   (f) classpathElements = [C:\test7\Test\target\classes, C:\Users\ramias\.m2\repository\commons-lang\commons-lang\2.0\commons-lang-2.0.jar]
[DEBUG]   (f) compileSourceRoots = [C:\test7\Test\src\main\java]
[DEBUG]   (f) compilerId = javac
[DEBUG]   (f) debug = true
[DEBUG]   (f) failOnError = true
[DEBUG]   (f) fork = false
[DEBUG]   (f) generatedSourcesDirectory = C:\test7\Test\target\generated-sources\annotations
[DEBUG]   (f) optimize = false
[DEBUG]   (f) outputDirectory = C:\test7\Test\target\classes
[DEBUG]   (f) outputFileName = Test-1.0-SNAPSHOT
[DEBUG]   (f) projectArtifact = MarkaVIP:Test:jar:1.0-SNAPSHOT
[DEBUG]   (f) session = org.apache.maven.execution.MavenSession@1115152
[DEBUG]   (f) showDeprecation = false
[DEBUG]   (f) showWarnings = false
[DEBUG]   (f) source = 1.6
[DEBUG]   (f) staleMillis = 0
[DEBUG]   (f) target = 1.6
[DEBUG]   (f) verbose = false
[DEBUG] -- end configuration --
[DEBUG] Using compiler 'javac'.
[INFO] No sources to compile
[INFO] 
[INFO] --- maven-resources-plugin:2.5:testResources (default-testResources) @ Test ---
[DEBUG] Configuring mojo org.apache.maven.plugins:maven-resources-plugin:2.5:testResources from plugin realm ClassRealm[plugin>org.apache.maven.plugins:maven-resources-plugin:2.5, parent: sun.misc.Launcher$AppClassLoader@11b86e7]
[debug] execute contextualize
[DEBUG] Configuring mojo 'org.apache.maven.plugins:maven-resources-plugin:2.5:testResources' with basic configurator -->
[DEBUG]   (f) buildFilters = []
[DEBUG]   (f) escapeWindowsPaths = true
[DEBUG]   (s) includeEmptyDirs = false
[DEBUG]   (s) outputDirectory = C:\test7\Test\target\test-classes
[DEBUG]   (s) overwrite = false
[DEBUG]   (f) project = MavenProject: MarkaVIP:Test:1.0-SNAPSHOT @ C:\test7\Test\pom.xml
[DEBUG]   (s) resources = [Resource {targetPath: null, filtering: false, FileSet {directory: C:\test7\Test\src\test\resources, PatternSet [includes: {}, excludes: {}]}}]
[DEBUG]   (f) session = org.apache.maven.execution.MavenSession@1115152
[DEBUG]   (f) supportMultiLineFiltering = false
[DEBUG]   (f) useBuildFilters = true
[DEBUG]   (s) useDefaultDelimiters = true
[DEBUG] -- end configuration --
[DEBUG] properties used {java.vendor=Sun Microsystems Inc., env.SYSTEMROOT=C:\Windows, sun.java.launcher=SUN_STANDARD, sun.management.compiler=HotSpot Client Compiler, env.PROMPT=$P$G, os.name=Windows Vista, env.FP_NO_HOST_CHECK=NO, sun.boot.class.path=D:\Program Files\Java\jdk1.6.0_01\jre\lib\resources.jar;D:\Program Files\Java\jdk1.6.0_01\jre\lib\rt.jar;D:\Program Files\Java\jdk1.6.0_01\jre\lib\sunrsasign.jar;D:\Program Files\Java\jdk1.6.0_01\jre\lib\jsse.jar;D:\Program Files\Java\jdk1.6.0_01\jre\lib\jce.jar;D:\Program Files\Java\jdk1.6.0_01\jre\lib\charsets.jar;D:\Program Files\Java\jdk1.6.0_01\jre\classes, env.COMPUTERNAME=WRK132, env.ALLUSERSPROFILE=C:\ProgramData, sun.desktop=windows, java.vm.specification.vendor=Sun Microsystems Inc., java.runtime.version=1.6.0_01-b06, env.HOMEPATH=\Users\ramias, user.name=ramias, maven.build.version=Apache Maven 3.0.4 (r1232337; 2012-01-17 10:44:56+0200), env.PATH=D:\apache-ant-1.8.4\bin;D:\javamail-1.4.3\mail.jar;D:\jaf-1.1.1\activation.jar;D:\chromedriver.exe;C:\Users\ramias\AppData\Local\Google\Chrome\Application\chrome.exe;C:\apache-maven-3.0.4\bin;C:\apache-maven-3.0.4\bin, user.language=en, env.WINDIR=C:\Windows, sun.boot.library.path=D:\Program Files\Java\jdk1.6.0_01\jre\bin, classworlds.conf=C:\apache-maven-3.0.4\bin\m2.conf, java.version=1.6.0_01, env.PROCESSOR_IDENTIFIER=x86 Family 6 Model 42 Stepping 7, GenuineIntel, user.timezone=Asia/Amman, env.TEMP=C:\Users\ramias\AppData\Local\Temp, sun.arch.data.model=32, java.endorsed.dirs=D:\Program Files\Java\jdk1.6.0_01\jre\lib\endorsed, sun.cpu.isalist=pentium_pro+mmx pentium_pro pentium+mmx pentium i486 i386 i86, env.HOMEDRIVE=C:, sun.jnu.encoding=Cp1252, file.encoding.pkg=sun.io, env.SYSTEMDRIVE=C:, file.separator=\, java.specification.name=Java Platform API Specification, java.class.version=50.0, user.country=US, java.home=D:\Program Files\Java\jdk1.6.0_01\jre, env.APPDATA=C:\Users\ramias\AppData\Roaming, env.PUBLIC=C:\Users\Public, java.vm.info=mixed mode, sharing, env.OS=Windows_NT, os.version=6.1, env.=::=::\, path.separator=;, java.vm.version=1.6.0_01-b06, env.ASL.LOG=Destination=file, env.USERPROFILE=C:\Users\ramias, user.variant=, env.JAVA_HOME=D:\Program Files\Java\jdk1.6.0_01, java.awt.printerjob=sun.awt.windows.WPrinterJob, env.TMP=C:\Users\ramias\AppData\Local\Temp, env.PROGRAMFILES=C:\Program Files, sun.io.unicode.encoding=UnicodeLittle, awt.toolkit=sun.awt.windows.WToolkit, user.home=C:\Users\ramias, env.COMMONPROGRAMFILES=C:\Program Files\Common Files, env.SESSIONNAME=Console, java.specification.vendor=Sun Microsystems Inc., env.CLASSPATH=.;D:\javamail-1.4.3\mail.jar;D:\jaf-1.1.1\activation.jar;D:\mvn2\commons-lang3-3.1\commons-lang3-3.1.jar;D:\mvn2\commons-lang3-3.1\commons-lang3-3.1.jar\commons-lang3-3.1-tests.jar;D:\mvn2\commons-lang3-3.1\commons-lang3-3.1-sources.jar;D:\mvn2\commons-lang3-3.1\commons-lang3-3.1-javadoc.jar;D:\mvn3\commons-lang-2.4.jar, env.M2_HOME=C:\apache-maven-3.0.4, env.NUMBER_OF_PROCESSORS=4, java.library.path=D:\Program Files\Java\jdk1.6.0_01\bin;.;C:\Windows\Sun\Java\bin;C:\Windows\system32;C:\Windows;D:\apache-ant-1.8.4\bin;D:\javamail-1.4.3\mail.jar;D:\jaf-1.1.1\activation.jar;D:\chromedriver.exe;C:\Users\ramias\AppData\Local\Google\Chrome\Application\chrome.exe;C:\apache-maven-3.0.4\bin;C:\apache-maven-3.0.4\bin, java.vendor.url=http://java.sun.com/, env.USERDNSDOMAIN=CORP.MARKAVIP.NET, env.PSMODULEPATH=C:\Windows\system32\WindowsPowerShell\v1.0\Modules\, env.CLASSWORLDS_LAUNCHER=org.codehaus.plexus.classworlds.launcher.Launcher, env.MAVEN_CMD_LINE_ARGS=-X test, java.vm.vendor=Sun Microsystems Inc., maven.home=C:\apache-maven-3.0.4, java.runtime.name=Java(TM) SE Runtime Environment, java.class.path=C:\apache-maven-3.0.4\boot\plexus-classworlds-2.4.jar, maven.version=3.0.4, env.MAVEN_JAVA_EXE="D:\Program Files\Java\jdk1.6.0_01\bin\java.exe", java.vm.specification.name=Java Virtual Machine Specification, env.LOGONSERVER=\\SRV-DC2, java.vm.specification.version=1.0, env.PROCESSOR_ARCHITECTURE=x86, sun.cpu.endian=little, sun.os.patch.level=, env.HOME=C:\Users\ramias, env.ANT_HOME=D:\apache-ant-1.8.4, env.PROCESSOR_REVISION=2a07, java.io.tmpdir=C:\Users\ramias\AppData\Local\Temp\, java.vendor.url.bug=http://java.sun.com/cgi-bin/bugreport.cgi, env.PROGRAMDATA=C:\ProgramData, env.COMSPEC=C:\Windows\system32\cmd.exe, os.arch=x86, java.awt.graphicsenv=sun.awt.Win32GraphicsEnvironment, java.ext.dirs=D:\Program Files\Java\jdk1.6.0_01\jre\lib\ext;C:\Windows\Sun\Java\lib\ext, env.LOCALAPPDATA=C:\Users\ramias\AppData\Local, user.dir=C:\test7\Test, line.separator=
, env.CLASSWORLDS_JAR="C:\apache-maven-3.0.4\boot\plexus-classworlds-2.4.jar", java.vm.name=Java HotSpot(TM) Client VM, env.PATHEXT=.COM;.EXE;.BAT;.CMD;.VBS;.VBE;.JS;.JSE;.WSF;.WSH;.MSC, env.ERROR_CODE=0, env.USERNAME=ramias, file.encoding=Cp1252, env.USERDOMAIN=CORP, java.specification.version=1.6, env.=C:=C:\test7\Test, env.PROCESSOR_LEVEL=6}
[WARNING] Using platform encoding (Cp1252 actually) to copy filtered resources, i.e. build is platform dependent!
[DEBUG] resource with targetPath null
directory C:\test7\Test\src\test\resources
excludes []
includes []
[INFO] skip non existing resourceDirectory C:\test7\Test\src\test\resources
[DEBUG] no use filter components
[INFO] 
[INFO] --- maven-compiler-plugin:2.3.2:testCompile (default-testCompile) @ Test ---
[DEBUG] Configuring mojo org.apache.maven.plugins:maven-compiler-plugin:2.3.2:testCompile from plugin realm ClassRealm[plugin>org.apache.maven.plugins:maven-compiler-plugin:2.3.2, parent: sun.misc.Launcher$AppClassLoader@11b86e7]
[DEBUG] Configuring mojo 'org.apache.maven.plugins:maven-compiler-plugin:2.3.2:testCompile' with basic configurator -->
[DEBUG]   (f) basedir = C:\test7\Test
[DEBUG]   (f) buildDirectory = C:\test7\Test\target
[DEBUG]   (f) classpathElements = [C:\test7\Test\target\test-classes, C:\test7\Test\target\classes, C:\Users\ramias\.m2\repository\org\testng\testng\5.14\testng-5.14.jar, C:\Users\ramias\.m2\repository\junit\junit\3.8.1\junit-3.8.1.jar, C:\Users\ramias\.m2\repository\org\beanshell\bsh\2.0b4\bsh-2.0b4.jar, C:\Users\ramias\.m2\repository\com\google\inject\guice\2.0\guice-2.0.jar, C:\Users\ramias\.m2\repository\aopalliance\aopalliance\1.0\aopalliance-1.0.jar, C:\Users\ramias\.m2\repository\com\beust\jcommander\1.5\jcommander-1.5.jar, C:\Users\ramias\.m2\repository\com\saucelabs\sauce_testng\1.0.18\sauce_testng-1.0.18.jar, C:\Users\ramias\.m2\repository\com\saucelabs\sauce_java_common\1.0.18\sauce_java_common-1.0.18.jar, C:\Users\ramias\.m2\repository\com\googlecode\json-simple\json-simple\1.1\json-simple-1.1.jar, C:\Users\ramias\.m2\repository\com\saucelabs\saucerest\1.0.0\saucerest-1.0.0.jar, C:\Users\ramias\.m2\repository\org\seleniumhq\selenium\selenium-java\2.29.1\selenium-java-2.29.1.jar, C:\Users\ramias\.m2\repository\org\seleniumhq\selenium\selenium-android-driver\2.29.1\selenium-android-driver-2.29.1.jar, C:\Users\ramias\.m2\repository\org\seleniumhq\selenium\selenium-remote-driver\2.29.1\selenium-remote-driver-2.29.1.jar, C:\Users\ramias\.m2\repository\cglib\cglib-nodep\2.1_3\cglib-nodep-2.1_3.jar, C:\Users\ramias\.m2\repository\org\json\json\20080701\json-20080701.jar, C:\Users\ramias\.m2\repository\com\google\guava\guava\14.0-rc1\guava-14.0-rc1.jar, C:\Users\ramias\.m2\repository\org\seleniumhq\selenium\selenium-chrome-driver\2.29.1\selenium-chrome-driver-2.29.1.jar, C:\Users\ramias\.m2\repository\org\seleniumhq\selenium\selenium-htmlunit-driver\2.29.1\selenium-htmlunit-driver-2.29.1.jar, C:\Users\ramias\.m2\repository\org\seleniumhq\selenium\selenium-api\2.29.1\selenium-api-2.29.1.jar, C:\Users\ramias\.m2\repository\net\sourceforge\htmlunit\htmlunit\2.11\htmlunit-2.11.jar, C:\Users\ramias\.m2\repository\xalan\xalan\2.7.1\xalan-2.7.1.jar, C:\Users\ramias\.m2\repository\xalan\serializer\2.7.1\serializer-2.7.1.jar, C:\Users\ramias\.m2\repository\commons-collections\commons-collections\3.2.1\commons-collections-3.2.1.jar, C:\Users\ramias\.m2\repository\org\apache\commons\commons-lang3\3.1\commons-lang3-3.1.jar, C:\Users\ramias\.m2\repository\org\apache\httpcomponents\httpmime\4.2.2\httpmime-4.2.2.jar, C:\Users\ramias\.m2\repository\commons-codec\commons-codec\1.7\commons-codec-1.7.jar, C:\Users\ramias\.m2\repository\net\sourceforge\htmlunit\htmlunit-core-js\2.11\htmlunit-core-js-2.11.jar, C:\Users\ramias\.m2\repository\xerces\xercesImpl\2.10.0\xercesImpl-2.10.0.jar, C:\Users\ramias\.m2\repository\xml-apis\xml-apis\1.4.01\xml-apis-1.4.01.jar, C:\Users\ramias\.m2\repository\net\sourceforge\nekohtml\nekohtml\1.9.17\nekohtml-1.9.17.jar, C:\Users\ramias\.m2\repository\net\sourceforge\cssparser\cssparser\0.9.8\cssparser-0.9.8.jar, C:\Users\ramias\.m2\repository\org\w3c\css\sac\1.3\sac-1.3.jar, C:\Users\ramias\.m2\repository\commons-logging\commons-logging\1.1.1\commons-logging-1.1.1.jar, C:\Users\ramias\.m2\repository\org\eclipse\jetty\jetty-websocket\8.1.7.v20120910\jetty-websocket-8.1.7.v20120910.jar, C:\Users\ramias\.m2\repository\org\eclipse\jetty\jetty-util\8.1.7.v20120910\jetty-util-8.1.7.v20120910.jar, C:\Users\ramias\.m2\repository\org\eclipse\jetty\jetty-io\8.1.7.v20120910\jetty-io-8.1.7.v20120910.jar, C:\Users\ramias\.m2\repository\org\eclipse\jetty\jetty-http\8.1.7.v20120910\jetty-http-8.1.7.v20120910.jar, C:\Users\ramias\.m2\repository\org\apache\httpcomponents\httpclient\4.2.1\httpclient-4.2.1.jar, C:\Users\ramias\.m2\repository\org\apache\httpcomponents\httpcore\4.2.1\httpcore-4.2.1.jar, C:\Users\ramias\.m2\repository\org\seleniumhq\selenium\selenium-firefox-driver\2.29.1\selenium-firefox-driver-2.29.1.jar, C:\Users\ramias\.m2\repository\commons-io\commons-io\2.2\commons-io-2.2.jar, C:\Users\ramias\.m2\repository\org\apache\commons\commons-exec\1.1\commons-exec-1.1.jar, C:\Users\ramias\.m2\repository\org\seleniumhq\selenium\selenium-ie-driver\2.29.1\selenium-ie-driver-2.29.1.jar, C:\Users\ramias\.m2\repository\net\java\dev\jna\jna\3.4.0\jna-3.4.0.jar, C:\Users\ramias\.m2\repository\net\java\dev\jna\platform\3.4.0\platform-3.4.0.jar, C:\Users\ramias\.m2\repository\org\seleniumhq\selenium\selenium-iphone-driver\2.29.1\selenium-iphone-driver-2.29.1.jar, C:\Users\ramias\.m2\repository\org\seleniumhq\selenium\selenium-safari-driver\2.29.1\selenium-safari-driver-2.29.1.jar, C:\Users\ramias\.m2\repository\org\seleniumhq\selenium\selenium-support\2.29.1\selenium-support-2.29.1.jar, C:\Users\ramias\.m2\repository\org\webbitserver\webbit\0.4.14\webbit-0.4.14.jar, C:\Users\ramias\.m2\repository\io\netty\netty\3.5.2.Final\netty-3.5.2.Final.jar, C:\Users\ramias\.m2\repository\commons-lang\commons-lang\2.0\commons-lang-2.0.jar]
[DEBUG]   (f) compileSourceRoots = [C:\test7\Test\src\test\java]
[DEBUG]   (f) compilerId = javac
[DEBUG]   (f) debug = true
[DEBUG]   (f) failOnError = true
[DEBUG]   (f) fork = false
[DEBUG]   (f) generatedTestSourcesDirectory = C:\test7\Test\target\generated-sources\test-annotations
[DEBUG]   (f) optimize = false
[DEBUG]   (f) outputDirectory = C:\test7\Test\target\test-classes
[DEBUG]   (f) outputFileName = Test-1.0-SNAPSHOT
[DEBUG]   (f) session = org.apache.maven.execution.MavenSession@1115152
[DEBUG]   (f) showDeprecation = false
[DEBUG]   (f) showWarnings = false
[DEBUG]   (f) source = 1.6
[DEBUG]   (f) staleMillis = 0
[DEBUG]   (f) target = 1.6
[DEBUG]   (f) verbose = false
[DEBUG] -- end configuration --
[DEBUG] Using compiler 'javac'.
[DEBUG] Source directories: [C:\test7\Test\src\test\java]
[DEBUG] Classpath: [C:\test7\Test\target\test-classes
 C:\test7\Test\target\classes
 C:\Users\ramias\.m2\repository\org\testng\testng\5.14\testng-5.14.jar
 C:\Users\ramias\.m2\repository\junit\junit\3.8.1\junit-3.8.1.jar
 C:\Users\ramias\.m2\repository\org\beanshell\bsh\2.0b4\bsh-2.0b4.jar
 C:\Users\ramias\.m2\repository\com\google\inject\guice\2.0\guice-2.0.jar
 C:\Users\ramias\.m2\repository\aopalliance\aopalliance\1.0\aopalliance-1.0.jar
 C:\Users\ramias\.m2\repository\com\beust\jcommander\1.5\jcommander-1.5.jar
 C:\Users\ramias\.m2\repository\com\saucelabs\sauce_testng\1.0.18\sauce_testng-1.0.18.jar
 C:\Users\ramias\.m2\repository\com\saucelabs\sauce_java_common\1.0.18\sauce_java_common-1.0.18.jar
 C:\Users\ramias\.m2\repository\com\googlecode\json-simple\json-simple\1.1\json-simple-1.1.jar
 C:\Users\ramias\.m2\repository\com\saucelabs\saucerest\1.0.0\saucerest-1.0.0.jar
 C:\Users\ramias\.m2\repository\org\seleniumhq\selenium\selenium-java\2.29.1\selenium-java-2.29.1.jar
 C:\Users\ramias\.m2\repository\org\seleniumhq\selenium\selenium-android-driver\2.29.1\selenium-android-driver-2.29.1.jar
 C:\Users\ramias\.m2\repository\org\seleniumhq\selenium\selenium-remote-driver\2.29.1\selenium-remote-driver-2.29.1.jar
 C:\Users\ramias\.m2\repository\cglib\cglib-nodep\2.1_3\cglib-nodep-2.1_3.jar
 C:\Users\ramias\.m2\repository\org\json\json\20080701\json-20080701.jar
 C:\Users\ramias\.m2\repository\com\google\guava\guava\14.0-rc1\guava-14.0-rc1.jar
 C:\Users\ramias\.m2\repository\org\seleniumhq\selenium\selenium-chrome-driver\2.29.1\selenium-chrome-driver-2.29.1.jar
 C:\Users\ramias\.m2\repository\org\seleniumhq\selenium\selenium-htmlunit-driver\2.29.1\selenium-htmlunit-driver-2.29.1.jar
 C:\Users\ramias\.m2\repository\org\seleniumhq\selenium\selenium-api\2.29.1\selenium-api-2.29.1.jar
 C:\Users\ramias\.m2\repository\net\sourceforge\htmlunit\htmlunit\2.11\htmlunit-2.11.jar
 C:\Users\ramias\.m2\repository\xalan\xalan\2.7.1\xalan-2.7.1.jar
 C:\Users\ramias\.m2\repository\xalan\serializer\2.7.1\serializer-2.7.1.jar
 C:\Users\ramias\.m2\repository\commons-collections\commons-collections\3.2.1\commons-collections-3.2.1.jar
 C:\Users\ramias\.m2\repository\org\apache\commons\commons-lang3\3.1\commons-lang3-3.1.jar
 C:\Users\ramias\.m2\repository\org\apache\httpcomponents\httpmime\4.2.2\httpmime-4.2.2.jar
 C:\Users\ramias\.m2\repository\commons-codec\commons-codec\1.7\commons-codec-1.7.jar
 C:\Users\ramias\.m2\repository\net\sourceforge\htmlunit\htmlunit-core-js\2.11\htmlunit-core-js-2.11.jar
 C:\Users\ramias\.m2\repository\xerces\xercesImpl\2.10.0\xercesImpl-2.10.0.jar
 C:\Users\ramias\.m2\repository\xml-apis\xml-apis\1.4.01\xml-apis-1.4.01.jar
 C:\Users\ramias\.m2\repository\net\sourceforge\nekohtml\nekohtml\1.9.17\nekohtml-1.9.17.jar
 C:\Users\ramias\.m2\repository\net\sourceforge\cssparser\cssparser\0.9.8\cssparser-0.9.8.jar
 C:\Users\ramias\.m2\repository\org\w3c\css\sac\1.3\sac-1.3.jar
 C:\Users\ramias\.m2\repository\commons-logging\commons-logging\1.1.1\commons-logging-1.1.1.jar
 C:\Users\ramias\.m2\repository\org\eclipse\jetty\jetty-websocket\8.1.7.v20120910\jetty-websocket-8.1.7.v20120910.jar
 C:\Users\ramias\.m2\repository\org\eclipse\jetty\jetty-util\8.1.7.v20120910\jetty-util-8.1.7.v20120910.jar
 C:\Users\ramias\.m2\repository\org\eclipse\jetty\jetty-io\8.1.7.v20120910\jetty-io-8.1.7.v20120910.jar
 C:\Users\ramias\.m2\repository\org\eclipse\jetty\jetty-http\8.1.7.v20120910\jetty-http-8.1.7.v20120910.jar
 C:\Users\ramias\.m2\repository\org\apache\httpcomponents\httpclient\4.2.1\httpclient-4.2.1.jar
 C:\Users\ramias\.m2\repository\org\apache\httpcomponents\httpcore\4.2.1\httpcore-4.2.1.jar
 C:\Users\ramias\.m2\repository\org\seleniumhq\selenium\selenium-firefox-driver\2.29.1\selenium-firefox-driver-2.29.1.jar
 C:\Users\ramias\.m2\repository\commons-io\commons-io\2.2\commons-io-2.2.jar
 C:\Users\ramias\.m2\repository\org\apache\commons\commons-exec\1.1\commons-exec-1.1.jar
 C:\Users\ramias\.m2\repository\org\seleniumhq\selenium\selenium-ie-driver\2.29.1\selenium-ie-driver-2.29.1.jar
 C:\Users\ramias\.m2\repository\net\java\dev\jna\jna\3.4.0\jna-3.4.0.jar
 C:\Users\ramias\.m2\repository\net\java\dev\jna\platform\3.4.0\platform-3.4.0.jar
 C:\Users\ramias\.m2\repository\org\seleniumhq\selenium\selenium-iphone-driver\2.29.1\selenium-iphone-driver-2.29.1.jar
 C:\Users\ramias\.m2\repository\org\seleniumhq\selenium\selenium-safari-driver\2.29.1\selenium-safari-driver-2.29.1.jar
 C:\Users\ramias\.m2\repository\org\seleniumhq\selenium\selenium-support\2.29.1\selenium-support-2.29.1.jar
 C:\Users\ramias\.m2\repository\org\webbitserver\webbit\0.4.14\webbit-0.4.14.jar
 C:\Users\ramias\.m2\repository\io\netty\netty\3.5.2.Final\netty-3.5.2.Final.jar
 C:\Users\ramias\.m2\repository\commons-lang\commons-lang\2.0\commons-lang-2.0.jar]
[DEBUG] Output directory: C:\test7\Test\target\test-classes
[DEBUG] Classpath:
[DEBUG]  C:\test7\Test\target\test-classes
[DEBUG]  C:\test7\Test\target\classes
[DEBUG]  C:\Users\ramias\.m2\repository\org\testng\testng\5.14\testng-5.14.jar
[DEBUG]  C:\Users\ramias\.m2\repository\junit\junit\3.8.1\junit-3.8.1.jar
[DEBUG]  C:\Users\ramias\.m2\repository\org\beanshell\bsh\2.0b4\bsh-2.0b4.jar
[DEBUG]  C:\Users\ramias\.m2\repository\com\google\inject\guice\2.0\guice-2.0.jar
[DEBUG]  C:\Users\ramias\.m2\repository\aopalliance\aopalliance\1.0\aopalliance-1.0.jar
[DEBUG]  C:\Users\ramias\.m2\repository\com\beust\jcommander\1.5\jcommander-1.5.jar
[DEBUG]  C:\Users\ramias\.m2\repository\com\saucelabs\sauce_testng\1.0.18\sauce_testng-1.0.18.jar
[DEBUG]  C:\Users\ramias\.m2\repository\com\saucelabs\sauce_java_common\1.0.18\sauce_java_common-1.0.18.jar
[DEBUG]  C:\Users\ramias\.m2\repository\com\googlecode\json-simple\json-simple\1.1\json-simple-1.1.jar
[DEBUG]  C:\Users\ramias\.m2\repository\com\saucelabs\saucerest\1.0.0\saucerest-1.0.0.jar
[DEBUG]  C:\Users\ramias\.m2\repository\org\seleniumhq\selenium\selenium-java\2.29.1\selenium-java-2.29.1.jar
[DEBUG]  C:\Users\ramias\.m2\repository\org\seleniumhq\selenium\selenium-android-driver\2.29.1\selenium-android-driver-2.29.1.jar
[DEBUG]  C:\Users\ramias\.m2\repository\org\seleniumhq\selenium\selenium-remote-driver\2.29.1\selenium-remote-driver-2.29.1.jar
[DEBUG]  C:\Users\ramias\.m2\repository\cglib\cglib-nodep\2.1_3\cglib-nodep-2.1_3.jar
[DEBUG]  C:\Users\ramias\.m2\repository\org\json\json\20080701\json-20080701.jar
[DEBUG]  C:\Users\ramias\.m2\repository\com\google\guava\guava\14.0-rc1\guava-14.0-rc1.jar
[DEBUG]  C:\Users\ramias\.m2\repository\org\seleniumhq\selenium\selenium-chrome-driver\2.29.1\selenium-chrome-driver-2.29.1.jar
[DEBUG]  C:\Users\ramias\.m2\repository\org\seleniumhq\selenium\selenium-htmlunit-driver\2.29.1\selenium-htmlunit-driver-2.29.1.jar
[DEBUG]  C:\Users\ramias\.m2\repository\org\seleniumhq\selenium\selenium-api\2.29.1\selenium-api-2.29.1.jar
[DEBUG]  C:\Users\ramias\.m2\repository\net\sourceforge\htmlunit\htmlunit\2.11\htmlunit-2.11.jar
[DEBUG]  C:\Users\ramias\.m2\repository\xalan\xalan\2.7.1\xalan-2.7.1.jar
[DEBUG]  C:\Users\ramias\.m2\repository\xalan\serializer\2.7.1\serializer-2.7.1.jar
[DEBUG]  C:\Users\ramias\.m2\repository\commons-collections\commons-collections\3.2.1\commons-collections-3.2.1.jar
[DEBUG]  C:\Users\ramias\.m2\repository\org\apache\commons\commons-lang3\3.1\commons-lang3-3.1.jar
[DEBUG]  C:\Users\ramias\.m2\repository\org\apache\httpcomponents\httpmime\4.2.2\httpmime-4.2.2.jar
[DEBUG]  C:\Users\ramias\.m2\repository\commons-codec\commons-codec\1.7\commons-codec-1.7.jar
[DEBUG]  C:\Users\ramias\.m2\repository\net\sourceforge\htmlunit\htmlunit-core-js\2.11\htmlunit-core-js-2.11.jar
[DEBUG]  C:\Users\ramias\.m2\repository\xerces\xercesImpl\2.10.0\xercesImpl-2.10.0.jar
[DEBUG]  C:\Users\ramias\.m2\repository\xml-apis\xml-apis\1.4.01\xml-apis-1.4.01.jar
[DEBUG]  C:\Users\ramias\.m2\repository\net\sourceforge\nekohtml\nekohtml\1.9.17\nekohtml-1.9.17.jar
[DEBUG]  C:\Users\ramias\.m2\repository\net\sourceforge\cssparser\cssparser\0.9.8\cssparser-0.9.8.jar
[DEBUG]  C:\Users\ramias\.m2\repository\org\w3c\css\sac\1.3\sac-1.3.jar
[DEBUG]  C:\Users\ramias\.m2\repository\commons-logging\commons-logging\1.1.1\commons-logging-1.1.1.jar
[DEBUG]  C:\Users\ramias\.m2\repository\org\eclipse\jetty\jetty-websocket\8.1.7.v20120910\jetty-websocket-8.1.7.v20120910.jar
[DEBUG]  C:\Users\ramias\.m2\repository\org\eclipse\jetty\jetty-util\8.1.7.v20120910\jetty-util-8.1.7.v20120910.jar
[DEBUG]  C:\Users\ramias\.m2\repository\org\eclipse\jetty\jetty-io\8.1.7.v20120910\jetty-io-8.1.7.v20120910.jar
[DEBUG]  C:\Users\ramias\.m2\repository\org\eclipse\jetty\jetty-http\8.1.7.v20120910\jetty-http-8.1.7.v20120910.jar
[DEBUG]  C:\Users\ramias\.m2\repository\org\apache\httpcomponents\httpclient\4.2.1\httpclient-4.2.1.jar
[DEBUG]  C:\Users\ramias\.m2\repository\org\apache\httpcomponents\httpcore\4.2.1\httpcore-4.2.1.jar
[DEBUG]  C:\Users\ramias\.m2\repository\org\seleniumhq\selenium\selenium-firefox-driver\2.29.1\selenium-firefox-driver-2.29.1.jar
[DEBUG]  C:\Users\ramias\.m2\repository\commons-io\commons-io\2.2\commons-io-2.2.jar
[DEBUG]  C:\Users\ramias\.m2\repository\org\apache\commons\commons-exec\1.1\commons-exec-1.1.jar
[DEBUG]  C:\Users\ramias\.m2\repository\org\seleniumhq\selenium\selenium-ie-driver\2.29.1\selenium-ie-driver-2.29.1.jar
[DEBUG]  C:\Users\ramias\.m2\repository\net\java\dev\jna\jna\3.4.0\jna-3.4.0.jar
[DEBUG]  C:\Users\ramias\.m2\repository\net\java\dev\jna\platform\3.4.0\platform-3.4.0.jar
[DEBUG]  C:\Users\ramias\.m2\repository\org\seleniumhq\selenium\selenium-iphone-driver\2.29.1\selenium-iphone-driver-2.29.1.jar
[DEBUG]  C:\Users\ramias\.m2\repository\org\seleniumhq\selenium\selenium-safari-driver\2.29.1\selenium-safari-driver-2.29.1.jar
[DEBUG]  C:\Users\ramias\.m2\repository\org\seleniumhq\selenium\selenium-support\2.29.1\selenium-support-2.29.1.jar
[DEBUG]  C:\Users\ramias\.m2\repository\org\webbitserver\webbit\0.4.14\webbit-0.4.14.jar
[DEBUG]  C:\Users\ramias\.m2\repository\io\netty\netty\3.5.2.Final\netty-3.5.2.Final.jar
[DEBUG]  C:\Users\ramias\.m2\repository\commons-lang\commons-lang\2.0\commons-lang-2.0.jar
[DEBUG] Source roots:
[DEBUG]  C:\test7\Test\src\test\java
[DEBUG] Command line options:
[DEBUG] -d C:\test7\Test\target\test-classes -classpath C:\test7\Test\target\test-classes;C:\test7\Test\target\classes;C:\Users\ramias\.m2\repository\org\testng\testng\5.14\testng-5.14.jar;C:\Users\ramias\.m2\repository\junit\junit\3.8.1\junit-3.8.1.jar;C:\Users\ramias\.m2\repository\org\beanshell\bsh\2.0b4\bsh-2.0b4.jar;C:\Users\ramias\.m2\repository\com\google\inject\guice\2.0\guice-2.0.jar;C:\Users\ramias\.m2\repository\aopalliance\aopalliance\1.0\aopalliance-1.0.jar;C:\Users\ramias\.m2\repository\com\beust\jcommander\1.5\jcommander-1.5.jar;C:\Users\ramias\.m2\repository\com\saucelabs\sauce_testng\1.0.18\sauce_testng-1.0.18.jar;C:\Users\ramias\.m2\repository\com\saucelabs\sauce_java_common\1.0.18\sauce_java_common-1.0.18.jar;C:\Users\ramias\.m2\repository\com\googlecode\json-simple\json-simple\1.1\json-simple-1.1.jar;C:\Users\ramias\.m2\repository\com\saucelabs\saucerest\1.0.0\saucerest-1.0.0.jar;C:\Users\ramias\.m2\repository\org\seleniumhq\selenium\selenium-java\2.29.1\selenium-java-2.29.1.jar;C:\Users\ramias\.m2\repository\org\seleniumhq\selenium\selenium-android-driver\2.29.1\selenium-android-driver-2.29.1.jar;C:\Users\ramias\.m2\repository\org\seleniumhq\selenium\selenium-remote-driver\2.29.1\selenium-remote-driver-2.29.1.jar;C:\Users\ramias\.m2\repository\cglib\cglib-nodep\2.1_3\cglib-nodep-2.1_3.jar;C:\Users\ramias\.m2\repository\org\json\json\20080701\json-20080701.jar;C:\Users\ramias\.m2\repository\com\google\guava\guava\14.0-rc1\guava-14.0-rc1.jar;C:\Users\ramias\.m2\repository\org\seleniumhq\selenium\selenium-chrome-driver\2.29.1\selenium-chrome-driver-2.29.1.jar;C:\Users\ramias\.m2\repository\org\seleniumhq\selenium\selenium-htmlunit-driver\2.29.1\selenium-htmlunit-driver-2.29.1.jar;C:\Users\ramias\.m2\repository\org\seleniumhq\selenium\selenium-api\2.29.1\selenium-api-2.29.1.jar;C:\Users\ramias\.m2\repository\net\sourceforge\htmlunit\htmlunit\2.11\htmlunit-2.11.jar;C:\Users\ramias\.m2\repository\xalan\xalan\2.7.1\xalan-2.7.1.jar;C:\Users\ramias\.m2\repository\xalan\serializer\2.7.1\serializer-2.7.1.jar;C:\Users\ramias\.m2\repository\commons-collections\commons-collections\3.2.1\commons-collections-3.2.1.jar;C:\Users\ramias\.m2\repository\org\apache\commons\commons-lang3\3.1\commons-lang3-3.1.jar;C:\Users\ramias\.m2\repository\org\apache\httpcomponents\httpmime\4.2.2\httpmime-4.2.2.jar;C:\Users\ramias\.m2\repository\commons-codec\commons-codec\1.7\commons-codec-1.7.jar;C:\Users\ramias\.m2\repository\net\sourceforge\htmlunit\htmlunit-core-js\2.11\htmlunit-core-js-2.11.jar;C:\Users\ramias\.m2\repository\xerces\xercesImpl\2.10.0\xercesImpl-2.10.0.jar;C:\Users\ramias\.m2\repository\xml-apis\xml-apis\1.4.01\xml-apis-1.4.01.jar;C:\Users\ramias\.m2\repository\net\sourceforge\nekohtml\nekohtml\1.9.17\nekohtml-1.9.17.jar;C:\Users\ramias\.m2\repository\net\sourceforge\cssparser\cssparser\0.9.8\cssparser-0.9.8.jar;C:\Users\ramias\.m2\repository\org\w3c\css\sac\1.3\sac-1.3.jar;C:\Users\ramias\.m2\repository\commons-logging\commons-logging\1.1.1\commons-logging-1.1.1.jar;C:\Users\ramias\.m2\repository\org\eclipse\jetty\jetty-websocket\8.1.7.v20120910\jetty-websocket-8.1.7.v20120910.jar;C:\Users\ramias\.m2\repository\org\eclipse\jetty\jetty-util\8.1.7.v20120910\jetty-util-8.1.7.v20120910.jar;C:\Users\ramias\.m2\repository\org\eclipse\jetty\jetty-io\8.1.7.v20120910\jetty-io-8.1.7.v20120910.jar;C:\Users\ramias\.m2\repository\org\eclipse\jetty\jetty-http\8.1.7.v20120910\jetty-http-8.1.7.v20120910.jar;C:\Users\ramias\.m2\repository\org\apache\httpcomponents\httpclient\4.2.1\httpclient-4.2.1.jar;C:\Users\ramias\.m2\repository\org\apache\httpcomponents\httpcore\4.2.1\httpcore-4.2.1.jar;C:\Users\ramias\.m2\repository\org\seleniumhq\selenium\selenium-firefox-driver\2.29.1\selenium-firefox-driver-2.29.1.jar;C:\Users\ramias\.m2\repository\commons-io\commons-io\2.2\commons-io-2.2.jar;C:\Users\ramias\.m2\repository\org\apache\commons\commons-exec\1.1\commons-exec-1.1.jar;C:\Users\ramias\.m2\repository\org\seleniumhq\selenium\selenium-ie-driver\2.29.1\selenium-ie-driver-2.29.1.jar;C:\Users\ramias\.m2\repository\net\java\dev\jna\jna\3.4.0\jna-3.4.0.jar;C:\Users\ramias\.m2\repository\net\java\dev\jna\platform\3.4.0\platform-3.4.0.jar;C:\Users\ramias\.m2\repository\org\seleniumhq\selenium\selenium-iphone-driver\2.29.1\selenium-iphone-driver-2.29.1.jar;C:\Users\ramias\.m2\repository\org\seleniumhq\selenium\selenium-safari-driver\2.29.1\selenium-safari-driver-2.29.1.jar;C:\Users\ramias\.m2\repository\org\seleniumhq\selenium\selenium-support\2.29.1\selenium-support-2.29.1.jar;C:\Users\ramias\.m2\repository\org\webbitserver\webbit\0.4.14\webbit-0.4.14.jar;C:\Users\ramias\.m2\repository\io\netty\netty\3.5.2.Final\netty-3.5.2.Final.jar;C:\Users\ramias\.m2\repository\commons-lang\commons-lang\2.0\commons-lang-2.0.jar; -sourcepath C:\test7\Test\src\test\java; C:\test7\Test\src\test\java\MarkaVIP\WebDriverWithHelperTest.java C:\test7\Test\src\test\java\MarkaVIP\WebDriverTest.java -s C:\test7\Test\target\generated-sources\test-annotations -g -nowarn -target 1.6 -source 1.6
[WARNING] File encoding has not been set, using platform encoding Cp1252, i.e. build is platform dependent!
[INFO] Compiling 2 source files to C:\test7\Test\target\test-classes
[INFO] -------------------------------------------------------------
[ERROR] COMPILATION ERROR : 
[INFO] -------------------------------------------------------------
[ERROR] \test7\Test\src\test\java\MarkaVIP\WebDriverWithHelperTest.java:[21,35] class, interface, or enum expected
[INFO] 1 error
[INFO] -------------------------------------------------------------
[INFO] ------------------------------------------------------------------------
[INFO] BUILD FAILURE
[INFO] ------------------------------------------------------------------------
[INFO] Total time: 1.600s
[INFO] Finished at: Thu Feb 07 03:31:30 EET 2013
[INFO] Final Memory: 4M/9M
[INFO] ------------------------------------------------------------------------
[ERROR] Failed to execute goal org.apache.maven.plugins:maven-compiler-plugin:2.3.2:testCompile (default-testCompile) on project Test: Compilation failure
[ERROR] \test7\Test\src\test\java\MarkaVIP\WebDriverWithHelperTest.java:[21,35] class, interface, or enum expected
[ERROR] -> [Help 1]
org.apache.maven.lifecycle.LifecycleExecutionException: Failed to execute goal org.apache.maven.plugins:maven-compiler-plugin:2.3.2:testCompile (default-testCompile) on project Test: Compilation failure
\test7\Test\src\test\java\MarkaVIP\WebDriverWithHelperTest.java:[21,35] class, interface, or enum expected

	at org.apache.maven.lifecycle.internal.MojoExecutor.execute(MojoExecutor.java:213)
	at org.apache.maven.lifecycle.internal.MojoExecutor.execute(MojoExecutor.java:153)
	at org.apache.maven.lifecycle.internal.MojoExecutor.execute(MojoExecutor.java:145)
	at org.apache.maven.lifecycle.internal.LifecycleModuleBuilder.buildProject(LifecycleModuleBuilder.java:84)
	at org.apache.maven.lifecycle.internal.LifecycleModuleBuilder.buildProject(LifecycleModuleBuilder.java:59)
	at org.apache.maven.lifecycle.internal.LifecycleStarter.singleThreadedBuild(LifecycleStarter.java:183)
	at org.apache.maven.lifecycle.internal.LifecycleStarter.execute(LifecycleStarter.java:161)
	at org.apache.maven.DefaultMaven.doExecute(DefaultMaven.java:320)
	at org.apache.maven.DefaultMaven.execute(DefaultMaven.java:156)
	at org.apache.maven.cli.MavenCli.execute(MavenCli.java:537)
	at org.apache.maven.cli.MavenCli.doMain(MavenCli.java:196)
	at org.apache.maven.cli.MavenCli.main(MavenCli.java:141)
	at sun.reflect.NativeMethodAccessorImpl.invoke0(Native Method)
	at sun.reflect.NativeMethodAccessorImpl.invoke(NativeMethodAccessorImpl.java:39)
	at sun.reflect.DelegatingMethodAccessorImpl.invoke(DelegatingMethodAccessorImpl.java:25)
	at java.lang.reflect.Method.invoke(Method.java:597)
	at org.codehaus.plexus.classworlds.launcher.Launcher.launchEnhanced(Launcher.java:290)
	at org.codehaus.plexus.classworlds.launcher.Launcher.launch(Launcher.java:230)
	at org.codehaus.plexus.classworlds.launcher.Launcher.mainWithExitCode(Launcher.java:409)
	at org.codehaus.plexus.classworlds.launcher.Launcher.main(Launcher.java:352)
Caused by: org.apache.maven.plugin.CompilationFailureException: Compilation failure
\test7\Test\src\test\java\MarkaVIP\WebDriverWithHelperTest.java:[21,35] class, interface, or enum expected

	at org.apache.maven.plugin.AbstractCompilerMojo.execute(AbstractCompilerMojo.java:656)
	at org.apache.maven.plugin.TestCompilerMojo.execute(TestCompilerMojo.java:161)
	at org.apache.maven.plugin.DefaultBuildPluginManager.executeMojo(DefaultBuildPluginManager.java:101)
	at org.apache.maven.lifecycle.internal.MojoExecutor.execute(MojoExecutor.java:209)
	... 19 more
[ERROR] 
[ERROR] 
[ERROR] For more information about the errors and possible solutions, please read the following articles:
[ERROR] [Help 1] http://cwiki.apache.org/confluence/display/MAVEN/MojoFailureException
